<?xml version="1.0" encoding="UTF-8"?>
<!-- Generated by org.testng.reporters.JUnitXMLReporter -->
<testsuite hostname="Admins-MBP" ignored="0" name="Dockerised Selenium Grid - firefox" tests="3" failures="0" timestamp="17 Jun 2020 10:54:15 GMT" time="37.261" errors="0">
  <testcase name="scenario" time="35.1" classname="utilities.CustomAbstractTestNGCucumberTests"/>
  <testcase name="scenario" time="36.226" classname="utilities.CustomAbstractTestNGCucumberTests"/>
  <testcase name="scenario" time="36.86" classname="utilities.CustomAbstractTestNGCucumberTests"/>
</testsuite> <!-- Dockerised Selenium Grid - firefox -->
