<?xml version="1.0" encoding="UTF-8"?>
<!-- Generated by org.testng.reporters.JUnitXMLReporter -->
<testsuite hostname="Admins-MBP" ignored="0" name="Dockerised Selenium Grid - chrome" tests="3" failures="0" timestamp="17 Jun 2020 10:54:08 GMT" time="29.802" errors="0">
  <testcase name="scenario" time="29.115" classname="utilities.CustomAbstractTestNGCucumberTests"/>
  <testcase name="scenario" time="29.118" classname="utilities.CustomAbstractTestNGCucumberTests"/>
  <testcase name="scenario" time="29.393" classname="utilities.CustomAbstractTestNGCucumberTests"/>
</testsuite> <!-- Dockerised Selenium Grid - chrome -->
